/*
 *  CMSIS Pack Debug Access Sequence Log
 *  File        : C:\KEIL5\work-place\FOC-STD\Projects\MDK-ARM\atk_f407_Sequences_0000.log
 *  Created     : 17:04:43 (06/03/2026)
 *  Device      : STM32F407IGTx
 *  PDSC File   : C:\Users\21651\AppData\Local\Arm\Packs\Keil\STM32F4xx_DFP\2.12.0\Keil.STM32F4xx_DFP.pdsc
 *  Config File : C:\KEIL5\work-place\FOC-STD\Projects\MDK-ARM\DebugConfig\BLDC_STM32F407IGTx.dbgconf
 *
 */

[17:04:43.807]  **********  Sequence "DebugDeviceUnlock"  (Context="Connect", Pname="", info="")
[17:04:43.807]  
[17:04:43.808]  <debugvars>
[17:04:43.810]    __protocol=0x00010002   (Protocol="SWD", SWJ-DP="True")
[17:04:43.811]    __connection=0x00010202   (Connection Type="Flash", Reset Type="System Reset", Connection Under HW Reset)
[17:04:43.812]    __dp=0x00000000
[17:04:43.813]    __ap=0x00000000
[17:04:43.813]    __traceout=0x00000000   (Trace Disabled)
[17:04:43.813]    __errorcontrol=0x00000000   (Skip Errors="False")
[17:04:43.814]    __FlashAddr=0x00000000
[17:04:43.814]    __FlashLen=0x00000000
[17:04:43.816]    __FlashArg=0x00000000
[17:04:43.816]    __FlashOp=0x00000000
[17:04:43.817]    __Result=0x00000000
[17:04:43.817]    DbgMCU_CR=0x00000007
[17:04:43.817]    DbgMCU_APB1_Fz=0x00000000
[17:04:43.817]    DbgMCU_APB2_Fz=0x00000000
[17:04:43.818]    TraceClk_Pin=0x00040002
[17:04:43.818]    TraceD0_Pin=0x00040003
[17:04:43.818]    TraceD1_Pin=0x00040004
[17:04:43.819]    TraceD2_Pin=0x00040005
[17:04:43.819]    TraceD3_Pin=0x00040006
[17:04:43.820]  </debugvars>
[17:04:43.820]  
[17:04:43.820]  <sequence name="DebugDeviceUnlock" Pname="" disable="false" info="">
[17:04:43.821]    <block atomic="false" info="">
[17:04:43.821]      Sequence("CheckID");
[17:04:43.822]        <sequence name="CheckID" Pname="" disable="false" info="">
[17:04:43.823]          <block atomic="false" info="">
[17:04:43.823]            __var pidr1 = 0;
[17:04:43.823]              // -> [pidr1 <= 0x00000000]
[17:04:43.823]            __var pidr2 = 0;
[17:04:43.823]              // -> [pidr2 <= 0x00000000]
[17:04:43.824]            __var jep106id = 0;
[17:04:43.824]              // -> [jep106id <= 0x00000000]
[17:04:43.824]            __var ROMTableBase = 0;
[17:04:43.824]              // -> [ROMTableBase <= 0x00000000]
[17:04:43.824]            __ap = 0;      // AHB-AP
[17:04:43.825]              // -> [__ap <= 0x00000000]
[17:04:43.825]            ROMTableBase = ReadAP(0xF8) & ~0x3;
[17:04:43.831]              // -> [ReadAP(0x000000F8) => 0xE00FF003] (__dp=0, __ap=0)
[17:04:43.831]              // -> [ROMTableBase <= 0xE00FF000]
[17:04:43.832]            pidr1 = Read32(ROMTableBase + 0x0FE4);
[17:04:43.844]              // -> [Read32(0xE00FFFE4) => 0x00000000] (__dp=0, __ap=0)
[17:04:43.844]              // -> [pidr1 <= 0x00000000]
[17:04:43.845]            pidr2 = Read32(ROMTableBase + 0x0FE8);
[17:04:43.855]              // -> [Read32(0xE00FFFE8) => 0x00000000] (__dp=0, __ap=0)
[17:04:43.855]              // -> [pidr2 <= 0x00000000]
[17:04:43.856]            jep106id = ((pidr2 & 0x7) << 4 ) | ((pidr1 >> 4) & 0xF);
[17:04:43.857]              // -> [jep106id <= 0x00000000]
[17:04:43.857]          </block>
[17:04:43.857]          <control if="jep106id != 0x20" while="" timeout="0" info="">
[17:04:43.857]            // if-block "jep106id != 0x20"
[17:04:43.858]              // =>  TRUE
[17:04:43.858]            <block atomic="false" info="">
[17:04:43.858]              Query(0, "Not a genuine ST Device! Abort connection", 1);
[17:04:43.860]                // Query(Query_Ok, "Not a genuine ST Device! Abort connection", OK)
[17:04:45.089]                // => OK
[17:04:45.101]              Message(2, "Not a genuine ST Device! Abort connection.");
[17:04:45.104]            </block>
[17:04:45.104]            // end if-block "jep106id != 0x20"
[17:04:45.104]          </control>
[17:04:45.105]        </sequence>
[17:04:45.106]    </block>
[17:04:45.106]  </sequence>
[17:04:45.107]  
